2014-04-28 20:45:05,573 [main] WARN  webxml.WebxmlGrailsPlugin  - Did not find application config file: WebXmlConfig
2014-04-28 20:45:06,365 [main] WARN  webxml.WebxmlGrailsPlugin  - Did not find application config file: WebXmlConfig
2014-04-28 20:56:01,663 [main] WARN  webxml.WebxmlGrailsPlugin  - Did not find application config file: WebXmlConfig
2014-04-28 20:56:02,719 [main] WARN  webxml.WebxmlGrailsPlugin  - Did not find application config file: WebXmlConfig
2014-04-28 20:56:07,045 [main] WARN  webxml.WebxmlGrailsPlugin  - Did not find application config file: WebXmlConfig
2014-04-28 20:56:07,795 [main] WARN  webxml.WebxmlGrailsPlugin  - Did not find application config file: WebXmlConfig
2014-04-28 21:00:09,081 [main] WARN  webxml.WebxmlGrailsPlugin  - Did not find application config file: WebXmlConfig
2014-04-28 21:00:12,769 [main] WARN  webxml.WebxmlGrailsPlugin  - Did not find application config file: WebXmlConfig
2014-04-28 21:03:16,257 [main] WARN  webxml.WebxmlGrailsPlugin  - Did not find application config file: WebXmlConfig
2014-04-28 21:03:17,071 [main] WARN  webxml.WebxmlGrailsPlugin  - Did not find application config file: WebXmlConfig
2014-04-29 08:12:33,611 [main] WARN  webxml.WebxmlGrailsPlugin  - Did not find application config file: WebXmlConfig
2014-04-29 08:12:36,571 [main] WARN  webxml.WebxmlGrailsPlugin  - Did not find application config file: WebXmlConfig
2014-04-29 08:58:49,438 [FileSystemWatcher: files=#10 cl=groovy.lang.GroovyClassLoader@2ce189] ERROR plugins.AbstractGrailsPluginManager  - Plugin [services:2.3.6] could not reload changes to file [C:\Users\Nabil\Documents\GitHub\application\grails-app\services\application\PP\KanbanService.groovy]: Cannot get property 'cacheOperationSource' on null object
java.lang.NullPointerException: Cannot get property 'cacheOperationSource' on null object
	at CacheGrailsPlugin$_closure4.doCall(CacheGrailsPlugin.groovy:181)
	at java.lang.Thread.run(Thread.java:724)
2014-04-29 09:42:02,617 [main] WARN  webxml.WebxmlGrailsPlugin  - Did not find application config file: WebXmlConfig
2014-04-29 09:42:03,995 [main] WARN  webxml.WebxmlGrailsPlugin  - Did not find application config file: WebXmlConfig
2014-04-29 09:46:37,736 [FileSystemWatcher: files=#10 cl=groovy.lang.GroovyClassLoader@1a084eb] ERROR plugins.AbstractGrailsPluginManager  - Plugin [services:2.3.6] could not reload changes to file [C:\Users\Nabil\Documents\GitHub\application\grails-app\services\application\PP\KanbanService.groovy]: Cannot get property 'cacheOperationSource' on null object
java.lang.NullPointerException: Cannot get property 'cacheOperationSource' on null object
	at CacheGrailsPlugin$_closure4.doCall(CacheGrailsPlugin.groovy:181)
	at java.lang.Thread.run(Thread.java:724)
2014-04-29 09:46:39,719 [FileSystemWatcher: files=#14 cl=groovy.lang.GroovyClassLoader@1a084eb] ERROR plugins.AbstractGrailsPluginManager  - Plugin [domainClass:2.3.6] could not reload changes to file [C:\Users\Nabil\Documents\GitHub\application\grails-app\domain\application\PP\OF.groovy]: Ambiguous method overloading for method grails.spring.BeanBuilder#registerBeans.
Cannot resolve which method to invoke for [null] due to overlapping prototypes between:
	[interface org.codehaus.groovy.grails.commons.spring.RuntimeSpringConfiguration]
	[interface org.springframework.beans.factory.support.BeanDefinitionRegistry]
groovy.lang.GroovyRuntimeException: Ambiguous method overloading for method grails.spring.BeanBuilder#registerBeans.
Cannot resolve which method to invoke for [null] due to overlapping prototypes between:
	[interface org.codehaus.groovy.grails.commons.spring.RuntimeSpringConfiguration]
	[interface org.springframework.beans.factory.support.BeanDefinitionRegistry]
	at java.lang.Thread.run(Thread.java:724)
2014-04-29 09:48:09,597 [main] WARN  webxml.WebxmlGrailsPlugin  - Did not find application config file: WebXmlConfig
2014-04-29 09:48:10,867 [main] WARN  webxml.WebxmlGrailsPlugin  - Did not find application config file: WebXmlConfig
2014-04-29 09:55:00,058 [FileSystemWatcher: files=#15 cl=groovy.lang.GroovyClassLoader@3200f1] ERROR plugins.AbstractGrailsPluginManager  - Plugin [domainClass:2.3.6] could not reload changes to file [C:\Users\Nabil\Documents\GitHub\application\grails-app\domain\application\PP\Kanban.groovy]: Ambiguous method overloading for method grails.spring.BeanBuilder#registerBeans.
Cannot resolve which method to invoke for [null] due to overlapping prototypes between:
	[interface org.codehaus.groovy.grails.commons.spring.RuntimeSpringConfiguration]
	[interface org.springframework.beans.factory.support.BeanDefinitionRegistry]
groovy.lang.GroovyRuntimeException: Ambiguous method overloading for method grails.spring.BeanBuilder#registerBeans.
Cannot resolve which method to invoke for [null] due to overlapping prototypes between:
	[interface org.codehaus.groovy.grails.commons.spring.RuntimeSpringConfiguration]
	[interface org.springframework.beans.factory.support.BeanDefinitionRegistry]
	at java.lang.Thread.run(Thread.java:724)
2014-04-29 09:55:18,953 [FileSystemWatcher: files=#15 cl=groovy.lang.GroovyClassLoader@3200f1] ERROR plugins.AbstractGrailsPluginManager  - Plugin [services:2.3.6] could not reload changes to file [C:\Users\Nabil\Documents\GitHub\application\grails-app\services\application\PP\KanbanService.groovy]: Cannot get property 'cacheOperationSource' on null object
java.lang.NullPointerException: Cannot get property 'cacheOperationSource' on null object
	at CacheGrailsPlugin$_closure4.doCall(CacheGrailsPlugin.groovy:181)
	at java.lang.Thread.run(Thread.java:724)
2014-04-29 10:16:33,227 [Thread-11] ERROR compiler.GrailsProjectWatcher  - Compilation Error: startup failed:
C:\Users\Nabil\Documents\GitHub\application\grails-app\services\application\PP\CompteRenduService.groovy: 43: unexpected token: ok @ line 43, column 44.
   rintln("leKanban.compteRendus"ok?"")
                                 ^

1 error

